# JRE version: Java(TM) SE Runtime Environment (17.0.14+8) (build 17.0.14+8-LTS-191)
# Java VM: Java HotSpot(TM) 64-Bit Server VM (17.0.14+8-LTS-191, mixed mode, sharing, tiered, compressed oops, compressed class ptrs, g1 gc, windows-amd64)
GC Precious Log:
 CPUs: 8 total, 8 available
 Memory: 16118M
 Large Page Support: Disabled
 NUMA Support: Disabled
 Compressed Oops: Enabled (Zero based)
 Heap Region Size: 2M
 Heap Min Capacity: 8M
 Heap Initial Capacity: 252M
 Heap Max Capacity: 4030M
 Pre-touch: Disabled
 Parallel Workers: 8
 Concurrent Workers: 2
 Concurrent Refinement Workers: 8
 Periodic GC: Disabled
Heap:
 garbage-first heap   total 466944K, used 374665K [0x0000000704200000, 0x0000000800000000)
  region size 2048K, 129 young (264192K), 5 survivors (10240K)
 Metaspace       used 38069K, committed 38464K, reserved 1114112K
  class space    used 4256K, committed 4416K, reserved 1048576K
GC Heap History (20 events):
Event: 26.968 GC heap before
{Heap before GC invocations=17 (full 0):
 garbage-first heap   total 241664K, used 189024K [0x0000000704200000, 0x0000000800000000)
  region size 2048K, 55 young (112640K), 4 survivors (8192K)
 Metaspace       used 29842K, committed 30144K, reserved 1114112K
  class space    used 3325K, committed 3456K, reserved 1048576K
}
Event: 26.996 GC heap after
{Heap after GC invocations=18 (full 0):
 garbage-first heap   total 241664K, used 89729K [0x0000000704200000, 0x0000000800000000)
  region size 2048K, 5 young (10240K), 5 survivors (10240K)
 Metaspace       used 29842K, committed 30144K, reserved 1114112K
  class space    used 3325K, committed 3456K, reserved 1048576K
}
Event: 27.792 GC heap before
{Heap before GC invocations=18 (full 0):
 garbage-first heap   total 241664K, used 190081K [0x0000000704200000, 0x0000000800000000)
  region size 2048K, 54 young (110592K), 5 survivors (10240K)
 Metaspace       used 29897K, committed 30208K, reserved 1114112K
  class space    used 3329K, committed 3456K, reserved 1048576K
}
Event: 27.830 GC heap after
{Heap after GC invocations=19 (full 0):
 garbage-first heap   total 241664K, used 95553K [0x0000000704200000, 0x0000000800000000)
  region size 2048K, 6 young (12288K), 6 survivors (12288K)
 Metaspace       used 29897K, committed 30208K, reserved 1114112K
  class space    used 3329K, committed 3456K, reserved 1048576K
}
Event: 28.389 GC heap before
{Heap before GC invocations=19 (full 0):
 garbage-first heap   total 241664K, used 193857K [0x0000000704200000, 0x0000000800000000)
  region size 2048K, 54 young (110592K), 6 survivors (12288K)
 Metaspace       used 29901K, committed 30208K, reserved 1114112K
  class space    used 3329K, committed 3456K, reserved 1048576K
}
Event: 28.433 GC heap after
{Heap after GC invocations=20 (full 0):
 garbage-first heap   total 241664K, used 101649K [0x0000000704200000, 0x0000000800000000)
  region size 2048K, 6 young (12288K), 6 survivors (12288K)
 Metaspace       used 29901K, committed 30208K, reserved 1114112K
  class space    used 3329K, committed 3456K, reserved 1048576K
}
Event: 28.987 GC heap before
{Heap before GC invocations=20 (full 0):
 garbage-first heap   total 241664K, used 199953K [0x0000000704200000, 0x0000000800000000)
  region size 2048K, 52 young (106496K), 6 survivors (12288K)
 Metaspace       used 29915K, committed 30208K, reserved 1114112K
  class space    used 3329K, committed 3456K, reserved 1048576K
}
Event: 29.032 GC heap after
{Heap after GC invocations=21 (full 0):
 garbage-first heap   total 344064K, used 109645K [0x0000000704200000, 0x0000000800000000)
  region size 2048K, 5 young (10240K), 5 survivors (10240K)
 Metaspace       used 29915K, committed 30208K, reserved 1114112K
  class space    used 3329K, committed 3456K, reserved 1048576K
}
Event: 29.756 GC heap before
{Heap before GC invocations=21 (full 0):
 garbage-first heap   total 344064K, used 277581K [0x0000000704200000, 0x0000000800000000)
  region size 2048K, 87 young (178176K), 5 survivors (10240K)
 Metaspace       used 29918K, committed 30208K, reserved 1114112K
  class space    used 3329K, committed 3456K, reserved 1048576K
}
Event: 29.776 GC heap after
{Heap after GC invocations=22 (full 0):
 garbage-first heap   total 344064K, used 110000K [0x0000000704200000, 0x0000000800000000)
  region size 2048K, 5 young (10240K), 5 survivors (10240K)
 Metaspace       used 29918K, committed 30208K, reserved 1114112K
  class space    used 3329K, committed 3456K, reserved 1048576K
}
Event: 33.562 GC heap before
{Heap before GC invocations=22 (full 0):
 garbage-first heap   total 344064K, used 286128K [0x0000000704200000, 0x0000000800000000)
  region size 2048K, 91 young (186368K), 5 survivors (10240K)
 Metaspace       used 35352K, committed 35776K, reserved 1114112K
  class space    used 4022K, committed 4224K, reserved 1048576K
}
Event: 33.606 GC heap after
{Heap after GC invocations=23 (full 0):
 garbage-first heap   total 344064K, used 118642K [0x0000000704200000, 0x0000000800000000)
  region size 2048K, 10 young (20480K), 10 survivors (20480K)
 Metaspace       used 35352K, committed 35776K, reserved 1114112K
  class space    used 4022K, committed 4224K, reserved 1048576K
}
Event: 34.771 GC heap before
{Heap before GC invocations=23 (full 0):
 garbage-first heap   total 344064K, used 282482K [0x0000000704200000, 0x0000000800000000)
  region size 2048K, 90 young (184320K), 10 survivors (20480K)
 Metaspace       used 35382K, committed 35776K, reserved 1114112K
  class space    used 4022K, committed 4224K, reserved 1048576K
}
Event: 34.816 GC heap after
{Heap after GC invocations=24 (full 0):
 garbage-first heap   total 344064K, used 120630K [0x0000000704200000, 0x0000000800000000)
  region size 2048K, 6 young (12288K), 6 survivors (12288K)
 Metaspace       used 35382K, committed 35776K, reserved 1114112K
  class space    used 4022K, committed 4224K, reserved 1048576K
}
Event: 35.730 GC heap before
{Heap before GC invocations=24 (full 0):
 garbage-first heap   total 344064K, used 284470K [0x0000000704200000, 0x0000000800000000)
  region size 2048K, 86 young (176128K), 6 survivors (12288K)
 Metaspace       used 35402K, committed 35776K, reserved 1114112K
  class space    used 4022K, committed 4224K, reserved 1048576K
}
Event: 35.750 GC heap after
{Heap after GC invocations=25 (full 0):
 garbage-first heap   total 344064K, used 119051K [0x0000000704200000, 0x0000000800000000)
  region size 2048K, 5 young (10240K), 5 survivors (10240K)
 Metaspace       used 35402K, committed 35776K, reserved 1114112K
  class space    used 4022K, committed 4224K, reserved 1048576K
}
Event: 36.921 GC heap before
{Heap before GC invocations=25 (full 0):
 garbage-first heap   total 344064K, used 289035K [0x0000000704200000, 0x0000000800000000)
  region size 2048K, 88 young (180224K), 5 survivors (10240K)
 Metaspace       used 35420K, committed 35840K, reserved 1114112K
  class space    used 4022K, committed 4224K, reserved 1048576K
}
Event: 36.937 GC heap after
{Heap after GC invocations=26 (full 0):
 garbage-first heap   total 466944K, used 114640K [0x0000000704200000, 0x0000000800000000)
  region size 2048K, 3 young (6144K), 3 survivors (6144K)
 Metaspace       used 35420K, committed 35840K, reserved 1114112K
  class space    used 4022K, committed 4224K, reserved 1048576K
}
Event: 39.446 GC heap before
{Heap before GC invocations=26 (full 0):
 garbage-first heap   total 466944K, used 387024K [0x0000000704200000, 0x0000000800000000)
  region size 2048K, 136 young (278528K), 3 survivors (6144K)
 Metaspace       used 35436K, committed 35840K, reserved 1114112K
  class space    used 4022K, committed 4224K, reserved 1048576K
}
Event: 39.473 GC heap after
{Heap after GC invocations=27 (full 0):
 garbage-first heap   total 466944K, used 118665K [0x0000000704200000, 0x0000000800000000)
  region size 2048K, 5 young (10240K), 5 survivors (10240K)
 Metaspace       used 35436K, committed 35840K, reserved 1114112K
  class space    used 4022K, committed 4224K, reserved 1048576K
}

