# JRE version: OpenJDK Runtime Environment Temurin-21.0.8+9 (21.0.8+9) (build 21.0.8+9-LTS)
# Java VM: OpenJDK 64-Bit Server VM Temurin-21.0.8+9 (21.0.8+9-LTS, mixed mode, sharing, tiered, compressed oops, compressed class ptrs, parallel gc, windows-amd64)
GC Precious Log:
 CardTable entry size: 512
 CPUs: 8 total, 8 available
 Memory: 16118M
 Large Page Support: Disabled
 NUMA Support: Disabled
 Compressed Oops: Enabled (32-bit)
 Alignments: Space 512K, Generation 512K, Heap 2M
 Heap Min Capacity: 100M
 Heap Initial Capacity: 100M
 Heap Max Capacity: 2G
 Pre-touch: Disabled
 Parallel Workers: 8
Heap:
 PSYoungGen      total 16896K, used 2915K [0x00000000d5580000, 0x00000000d6780000, 0x0000000100000000)
  eden space 15360K, 10% used [0x00000000d5580000,0x00000000d570cde0,0x00000000d6480000)
  from space 1536K, 86% used [0x00000000d6480000,0x00000000d65cc070,0x00000000d6600000)
  to   space 1536K, 0% used [0x00000000d6600000,0x00000000d6600000,0x00000000d6780000)
 ParOldGen       total 68608K, used 64235K [0x0000000080000000, 0x0000000084300000, 0x00000000d5580000)
  object space 68608K, 93% used [0x0000000080000000,0x0000000083ebad68,0x0000000084300000)
 Metaspace       used 56712K, committed 57984K, reserved 1114112K
  class space    used 6060K, committed 6656K, reserved 1048576K
GC Heap History (20 events):
Event: 39.764 GC heap after
{Heap after GC invocations=35 (full 2):
 PSYoungGen      total 16896K, used 160K [0x00000000d5580000, 0x00000000d6980000, 0x0000000100000000)
  eden space 15360K, 0% used [0x00000000d5580000,0x00000000d5580000,0x00000000d6480000)
  from space 1536K, 10% used [0x00000000d6700000,0x00000000d6728000,0x00000000d6880000)
  to   space 512K, 0% used [0x00000000d6900000,0x00000000d6900000,0x00000000d6980000)
 ParOldGen       total 68608K, used 51971K [0x0000000080000000, 0x0000000084300000, 0x00000000d5580000)
  object space 68608K, 75% used [0x0000000080000000,0x00000000832c0ea0,0x0000000084300000)
 Metaspace       used 55188K, committed 56384K, reserved 1114112K
  class space    used 5925K, committed 6528K, reserved 1048576K
}
Event: 41.852 GC heap before
{Heap before GC invocations=36 (full 2):
 PSYoungGen      total 16896K, used 15520K [0x00000000d5580000, 0x00000000d6980000, 0x0000000100000000)
  eden space 15360K, 100% used [0x00000000d5580000,0x00000000d6480000,0x00000000d6480000)
  from space 1536K, 10% used [0x00000000d6700000,0x00000000d6728000,0x00000000d6880000)
  to   space 512K, 0% used [0x00000000d6900000,0x00000000d6900000,0x00000000d6980000)
 ParOldGen       total 68608K, used 51971K [0x0000000080000000, 0x0000000084300000, 0x00000000d5580000)
  object space 68608K, 75% used [0x0000000080000000,0x00000000832c0ea0,0x0000000084300000)
 Metaspace       used 56034K, committed 57280K, reserved 1114112K
  class space    used 6006K, committed 6592K, reserved 1048576K
}
Event: 41.855 GC heap after
{Heap after GC invocations=36 (full 2):
 PSYoungGen      total 15872K, used 480K [0x00000000d5580000, 0x00000000d6980000, 0x0000000100000000)
  eden space 15360K, 0% used [0x00000000d5580000,0x00000000d5580000,0x00000000d6480000)
  from space 512K, 93% used [0x00000000d6900000,0x00000000d6978010,0x00000000d6980000)
  to   space 2048K, 0% used [0x00000000d6580000,0x00000000d6580000,0x00000000d6780000)
 ParOldGen       total 68608K, used 53123K [0x0000000080000000, 0x0000000084300000, 0x00000000d5580000)
  object space 68608K, 77% used [0x0000000080000000,0x00000000833e0fa0,0x0000000084300000)
 Metaspace       used 56034K, committed 57280K, reserved 1114112K
  class space    used 6006K, committed 6592K, reserved 1048576K
}
Event: 42.640 GC heap before
{Heap before GC invocations=37 (full 2):
 PSYoungGen      total 15872K, used 15840K [0x00000000d5580000, 0x00000000d6980000, 0x0000000100000000)
  eden space 15360K, 100% used [0x00000000d5580000,0x00000000d6480000,0x00000000d6480000)
  from space 512K, 93% used [0x00000000d6900000,0x00000000d6978010,0x00000000d6980000)
  to   space 2048K, 0% used [0x00000000d6580000,0x00000000d6580000,0x00000000d6780000)
 ParOldGen       total 68608K, used 53123K [0x0000000080000000, 0x0000000084300000, 0x00000000d5580000)
  object space 68608K, 77% used [0x0000000080000000,0x00000000833e0fa0,0x0000000084300000)
 Metaspace       used 56215K, committed 57536K, reserved 1114112K
  class space    used 6022K, committed 6656K, reserved 1048576K
}
Event: 42.644 GC heap after
{Heap after GC invocations=37 (full 2):
 PSYoungGen      total 17408K, used 1504K [0x00000000d5580000, 0x00000000d6980000, 0x0000000100000000)
  eden space 15360K, 0% used [0x00000000d5580000,0x00000000d5580000,0x00000000d6480000)
  from space 2048K, 73% used [0x00000000d6580000,0x00000000d66f8060,0x00000000d6780000)
  to   space 2048K, 0% used [0x00000000d6780000,0x00000000d6780000,0x00000000d6980000)
 ParOldGen       total 68608K, used 53643K [0x0000000080000000, 0x0000000084300000, 0x00000000d5580000)
  object space 68608K, 78% used [0x0000000080000000,0x0000000083462fb0,0x0000000084300000)
 Metaspace       used 56215K, committed 57536K, reserved 1114112K
  class space    used 6022K, committed 6656K, reserved 1048576K
}
Event: 43.455 GC heap before
{Heap before GC invocations=38 (full 2):
 PSYoungGen      total 17408K, used 16864K [0x00000000d5580000, 0x00000000d6980000, 0x0000000100000000)
  eden space 15360K, 100% used [0x00000000d5580000,0x00000000d6480000,0x00000000d6480000)
  from space 2048K, 73% used [0x00000000d6580000,0x00000000d66f8060,0x00000000d6780000)
  to   space 2048K, 0% used [0x00000000d6780000,0x00000000d6780000,0x00000000d6980000)
 ParOldGen       total 68608K, used 53643K [0x0000000080000000, 0x0000000084300000, 0x00000000d5580000)
  object space 68608K, 78% used [0x0000000080000000,0x0000000083462fb0,0x0000000084300000)
 Metaspace       used 56336K, committed 57600K, reserved 1114112K
  class space    used 6032K, committed 6656K, reserved 1048576K
}
Event: 43.460 GC heap after
{Heap after GC invocations=38 (full 2):
 PSYoungGen      total 16896K, used 1456K [0x00000000d5580000, 0x00000000d6900000, 0x0000000100000000)
  eden space 15360K, 0% used [0x00000000d5580000,0x00000000d5580000,0x00000000d6480000)
  from space 1536K, 94% used [0x00000000d6780000,0x00000000d68ec050,0x00000000d6900000)
  to   space 1536K, 0% used [0x00000000d6600000,0x00000000d6600000,0x00000000d6780000)
 ParOldGen       total 68608K, used 55020K [0x0000000080000000, 0x0000000084300000, 0x00000000d5580000)
  object space 68608K, 80% used [0x0000000080000000,0x00000000835bb0b0,0x0000000084300000)
 Metaspace       used 56336K, committed 57600K, reserved 1114112K
  class space    used 6032K, committed 6656K, reserved 1048576K
}
Event: 43.767 GC heap before
{Heap before GC invocations=39 (full 2):
 PSYoungGen      total 16896K, used 16816K [0x00000000d5580000, 0x00000000d6900000, 0x0000000100000000)
  eden space 15360K, 99% used [0x00000000d5580000,0x00000000d647ffe0,0x00000000d6480000)
  from space 1536K, 94% used [0x00000000d6780000,0x00000000d68ec050,0x00000000d6900000)
  to   space 1536K, 0% used [0x00000000d6600000,0x00000000d6600000,0x00000000d6780000)
 ParOldGen       total 68608K, used 55020K [0x0000000080000000, 0x0000000084300000, 0x00000000d5580000)
  object space 68608K, 80% used [0x0000000080000000,0x00000000835bb0b0,0x0000000084300000)
 Metaspace       used 56424K, committed 57728K, reserved 1114112K
  class space    used 6035K, committed 6656K, reserved 1048576K
}
Event: 43.771 GC heap after
{Heap after GC invocations=39 (full 2):
 PSYoungGen      total 16896K, used 1360K [0x00000000d5580000, 0x00000000d6800000, 0x0000000100000000)
  eden space 15360K, 0% used [0x00000000d5580000,0x00000000d5580000,0x00000000d6480000)
  from space 1536K, 88% used [0x00000000d6600000,0x00000000d6754070,0x00000000d6780000)
  to   space 512K, 0% used [0x00000000d6780000,0x00000000d6780000,0x00000000d6800000)
 ParOldGen       total 68608K, used 56418K [0x0000000080000000, 0x0000000084300000, 0x00000000d5580000)
  object space 68608K, 82% used [0x0000000080000000,0x0000000083718ab8,0x0000000084300000)
 Metaspace       used 56424K, committed 57728K, reserved 1114112K
  class space    used 6035K, committed 6656K, reserved 1048576K
}
Event: 44.761 GC heap before
{Heap before GC invocations=40 (full 2):
 PSYoungGen      total 16896K, used 16720K [0x00000000d5580000, 0x00000000d6800000, 0x0000000100000000)
  eden space 15360K, 100% used [0x00000000d5580000,0x00000000d6480000,0x00000000d6480000)
  from space 1536K, 88% used [0x00000000d6600000,0x00000000d6754070,0x00000000d6780000)
  to   space 512K, 0% used [0x00000000d6780000,0x00000000d6780000,0x00000000d6800000)
 ParOldGen       total 68608K, used 56418K [0x0000000080000000, 0x0000000084300000, 0x00000000d5580000)
  object space 68608K, 82% used [0x0000000080000000,0x0000000083718ab8,0x0000000084300000)
 Metaspace       used 56476K, committed 57728K, reserved 1114112K
  class space    used 6037K, committed 6656K, reserved 1048576K
}
Event: 44.766 GC heap after
{Heap after GC invocations=40 (full 2):
 PSYoungGen      total 15872K, used 480K [0x00000000d5580000, 0x00000000d6a80000, 0x0000000100000000)
  eden space 15360K, 0% used [0x00000000d5580000,0x00000000d5580000,0x00000000d6480000)
  from space 512K, 93% used [0x00000000d6780000,0x00000000d67f8010,0x00000000d6800000)
  to   space 3072K, 0% used [0x00000000d6480000,0x00000000d6480000,0x00000000d6780000)
 ParOldGen       total 68608K, used 58634K [0x0000000080000000, 0x0000000084300000, 0x00000000d5580000)
  object space 68608K, 85% used [0x0000000080000000,0x0000000083942b88,0x0000000084300000)
 Metaspace       used 56476K, committed 57728K, reserved 1114112K
  class space    used 6037K, committed 6656K, reserved 1048576K
}
Event: 46.203 GC heap before
{Heap before GC invocations=41 (full 2):
 PSYoungGen      total 15872K, used 15840K [0x00000000d5580000, 0x00000000d6a80000, 0x0000000100000000)
  eden space 15360K, 100% used [0x00000000d5580000,0x00000000d6480000,0x00000000d6480000)
  from space 512K, 93% used [0x00000000d6780000,0x00000000d67f8010,0x00000000d6800000)
  to   space 3072K, 0% used [0x00000000d6480000,0x00000000d6480000,0x00000000d6780000)
 ParOldGen       total 68608K, used 58634K [0x0000000080000000, 0x0000000084300000, 0x00000000d5580000)
  object space 68608K, 85% used [0x0000000080000000,0x0000000083942b88,0x0000000084300000)
 Metaspace       used 56513K, committed 57792K, reserved 1114112K
  class space    used 6039K, committed 6656K, reserved 1048576K
}
Event: 46.210 GC heap after
{Heap after GC invocations=41 (full 2):
 PSYoungGen      total 17408K, used 1600K [0x00000000d5580000, 0x00000000d6880000, 0x0000000100000000)
  eden space 15360K, 0% used [0x00000000d5580000,0x00000000d5580000,0x00000000d6480000)
  from space 2048K, 78% used [0x00000000d6480000,0x00000000d6610020,0x00000000d6680000)
  to   space 2048K, 0% used [0x00000000d6680000,0x00000000d6680000,0x00000000d6880000)
 ParOldGen       total 68608K, used 59154K [0x0000000080000000, 0x0000000084300000, 0x00000000d5580000)
  object space 68608K, 86% used [0x0000000080000000,0x00000000839c4b98,0x0000000084300000)
 Metaspace       used 56513K, committed 57792K, reserved 1114112K
  class space    used 6039K, committed 6656K, reserved 1048576K
}
Event: 47.304 GC heap before
{Heap before GC invocations=42 (full 2):
 PSYoungGen      total 17408K, used 16960K [0x00000000d5580000, 0x00000000d6880000, 0x0000000100000000)
  eden space 15360K, 100% used [0x00000000d5580000,0x00000000d6480000,0x00000000d6480000)
  from space 2048K, 78% used [0x00000000d6480000,0x00000000d6610020,0x00000000d6680000)
  to   space 2048K, 0% used [0x00000000d6680000,0x00000000d6680000,0x00000000d6880000)
 ParOldGen       total 68608K, used 59154K [0x0000000080000000, 0x0000000084300000, 0x00000000d5580000)
  object space 68608K, 86% used [0x0000000080000000,0x00000000839c4b98,0x0000000084300000)
 Metaspace       used 56625K, committed 57856K, reserved 1114112K
  class space    used 6048K, committed 6656K, reserved 1048576K
}
Event: 47.313 GC heap after
{Heap after GC invocations=42 (full 2):
 PSYoungGen      total 17408K, used 1776K [0x00000000d5580000, 0x00000000d6880000, 0x0000000100000000)
  eden space 15360K, 0% used [0x00000000d5580000,0x00000000d5580000,0x00000000d6480000)
  from space 2048K, 86% used [0x00000000d6680000,0x00000000d683c050,0x00000000d6880000)
  to   space 2048K, 0% used [0x00000000d6480000,0x00000000d6480000,0x00000000d6680000)
 ParOldGen       total 68608K, used 60610K [0x0000000080000000, 0x0000000084300000, 0x00000000d5580000)
  object space 68608K, 88% used [0x0000000080000000,0x0000000083b30bb8,0x0000000084300000)
 Metaspace       used 56625K, committed 57856K, reserved 1114112K
  class space    used 6048K, committed 6656K, reserved 1048576K
}
Event: 47.845 GC heap before
{Heap before GC invocations=43 (full 2):
 PSYoungGen      total 17408K, used 17136K [0x00000000d5580000, 0x00000000d6880000, 0x0000000100000000)
  eden space 15360K, 100% used [0x00000000d5580000,0x00000000d6480000,0x00000000d6480000)
  from space 2048K, 86% used [0x00000000d6680000,0x00000000d683c050,0x00000000d6880000)
  to   space 2048K, 0% used [0x00000000d6480000,0x00000000d6480000,0x00000000d6680000)
 ParOldGen       total 68608K, used 60610K [0x0000000080000000, 0x0000000084300000, 0x00000000d5580000)
  object space 68608K, 88% used [0x0000000080000000,0x0000000083b30bb8,0x0000000084300000)
 Metaspace       used 56699K, committed 57920K, reserved 1114112K
  class space    used 6060K, committed 6656K, reserved 1048576K
}
Event: 47.849 GC heap after
{Heap after GC invocations=43 (full 2):
 PSYoungGen      total 16896K, used 1040K [0x00000000d5580000, 0x00000000d6780000, 0x0000000100000000)
  eden space 15360K, 0% used [0x00000000d5580000,0x00000000d5580000,0x00000000d6480000)
  from space 1536K, 67% used [0x00000000d6480000,0x00000000d6584030,0x00000000d6600000)
  to   space 1536K, 0% used [0x00000000d6600000,0x00000000d6600000,0x00000000d6780000)
 ParOldGen       total 68608K, used 62243K [0x0000000080000000, 0x0000000084300000, 0x00000000d5580000)
  object space 68608K, 90% used [0x0000000080000000,0x0000000083cc8ca8,0x0000000084300000)
 Metaspace       used 56699K, committed 57920K, reserved 1114112K
  class space    used 6060K, committed 6656K, reserved 1048576K
}
Event: 47.982 GC heap before
{Heap before GC invocations=44 (full 2):
 PSYoungGen      total 16896K, used 16400K [0x00000000d5580000, 0x00000000d6780000, 0x0000000100000000)
  eden space 15360K, 100% used [0x00000000d5580000,0x00000000d6480000,0x00000000d6480000)
  from space 1536K, 67% used [0x00000000d6480000,0x00000000d6584030,0x00000000d6600000)
  to   space 1536K, 0% used [0x00000000d6600000,0x00000000d6600000,0x00000000d6780000)
 ParOldGen       total 68608K, used 62243K [0x0000000080000000, 0x0000000084300000, 0x00000000d5580000)
  object space 68608K, 90% used [0x0000000080000000,0x0000000083cc8ca8,0x0000000084300000)
 Metaspace       used 56706K, committed 57920K, reserved 1114112K
  class space    used 6060K, committed 6656K, reserved 1048576K
}
Event: 49.737 GC heap after
{Heap after GC invocations=44 (full 2):
 PSYoungGen      total 16896K, used 1184K [0x00000000d5580000, 0x00000000d6b00000, 0x0000000100000000)
  eden space 15360K, 0% used [0x00000000d5580000,0x00000000d5580000,0x00000000d6480000)
  from space 1536K, 77% used [0x00000000d6600000,0x00000000d6728060,0x00000000d6780000)
  to   space 1536K, 0% used [0x00000000d6480000,0x00000000d6480000,0x00000000d6600000)
 ParOldGen       total 68608K, used 63147K [0x0000000080000000, 0x0000000084300000, 0x00000000d5580000)
  object space 68608K, 92% used [0x0000000080000000,0x0000000083daad08,0x0000000084300000)
 Metaspace       used 56706K, committed 57920K, reserved 1114112K
  class space    used 6060K, committed 6656K, reserved 1048576K
}
Event: 49.869 GC heap before
{Heap before GC invocations=45 (full 2):
 PSYoungGen      total 16896K, used 16544K [0x00000000d5580000, 0x00000000d6b00000, 0x0000000100000000)
  eden space 15360K, 100% used [0x00000000d5580000,0x00000000d6480000,0x00000000d6480000)
  from space 1536K, 77% used [0x00000000d6600000,0x00000000d6728060,0x00000000d6780000)
  to   space 1536K, 0% used [0x00000000d6480000,0x00000000d6480000,0x00000000d6600000)
 ParOldGen       total 68608K, used 63147K [0x0000000080000000, 0x0000000084300000, 0x00000000d5580000)
  object space 68608K, 92% used [0x0000000080000000,0x0000000083daad08,0x0000000084300000)
 Metaspace       used 56712K, committed 57984K, reserved 1114112K
  class space    used 6060K, committed 6656K, reserved 1048576K
}

