# JRE version: OpenJDK Runtime Environment Temurin-21.0.8+9 (21.0.8+9) (build 21.0.8+9-LTS)
# Java VM: OpenJDK 64-Bit Server VM Temurin-21.0.8+9 (21.0.8+9-LTS, mixed mode, sharing, tiered, compressed oops, compressed class ptrs, parallel gc, windows-amd64)
GC Precious Log:
 CardTable entry size: 512
 CPUs: 8 total, 8 available
 Memory: 16118M
 Large Page Support: Disabled
 NUMA Support: Disabled
 Compressed Oops: Enabled (32-bit)
 Alignments: Space 512K, Generation 512K, Heap 2M
 Heap Min Capacity: 100M
 Heap Initial Capacity: 100M
 Heap Max Capacity: 2G
 Pre-touch: Disabled
 Parallel Workers: 8
Heap:
 PSYoungGen      total 3584K, used 3455K [0x00000000d5580000, 0x00000000d5a00000, 0x0000000100000000)
  eden space 3072K, 99% used [0x00000000d5580000,0x00000000d587ffd0,0x00000000d5880000)
  from space 512K, 75% used [0x00000000d5980000,0x00000000d59e0000,0x00000000d5a00000)
  to   space 512K, 0% used [0x00000000d5900000,0x00000000d5900000,0x00000000d5980000)
 ParOldGen       total 419840K, used 272737K [0x0000000080000000, 0x0000000099a00000, 0x00000000d5580000)
  object space 419840K, 64% used [0x0000000080000000,0x0000000090a58680,0x0000000099a00000)
 Metaspace       used 76918K, committed 78720K, reserved 1179648K
  class space    used 7711K, committed 8512K, reserved 1048576K
GC Heap History (20 events):
Event: 197.027 GC heap before
{Heap before GC invocations=710 (full 4):
 PSYoungGen      total 3584K, used 3552K [0x00000000d5580000, 0x00000000d5a80000, 0x0000000100000000)
  eden space 3072K, 100% used [0x00000000d5580000,0x00000000d5880000,0x00000000d5880000)
  from space 512K, 93% used [0x00000000d5900000,0x00000000d5978020,0x00000000d5980000)
  to   space 1024K, 0% used [0x00000000d5980000,0x00000000d5980000,0x00000000d5a80000)
 ParOldGen       total 419840K, used 268638K [0x0000000080000000, 0x0000000099a00000, 0x00000000d5580000)
  object space 419840K, 63% used [0x0000000080000000,0x0000000090657810,0x0000000099a00000)
 Metaspace       used 76890K, committed 78720K, reserved 1179648K
  class space    used 7711K, committed 8512K, reserved 1048576K
}
Event: 197.029 GC heap after
{Heap after GC invocations=710 (full 4):
 PSYoungGen      total 4096K, used 672K [0x00000000d5580000, 0x00000000d5a80000, 0x0000000100000000)
  eden space 3072K, 0% used [0x00000000d5580000,0x00000000d5580000,0x00000000d5880000)
  from space 1024K, 65% used [0x00000000d5980000,0x00000000d5a28020,0x00000000d5a80000)
  to   space 1024K, 0% used [0x00000000d5880000,0x00000000d5880000,0x00000000d5980000)
 ParOldGen       total 419840K, used 268926K [0x0000000080000000, 0x0000000099a00000, 0x00000000d5580000)
  object space 419840K, 64% used [0x0000000080000000,0x000000009069f810,0x0000000099a00000)
 Metaspace       used 76890K, committed 78720K, reserved 1179648K
  class space    used 7711K, committed 8512K, reserved 1048576K
}
Event: 197.041 GC heap before
{Heap before GC invocations=711 (full 4):
 PSYoungGen      total 4096K, used 3744K [0x00000000d5580000, 0x00000000d5a80000, 0x0000000100000000)
  eden space 3072K, 100% used [0x00000000d5580000,0x00000000d5880000,0x00000000d5880000)
  from space 1024K, 65% used [0x00000000d5980000,0x00000000d5a28020,0x00000000d5a80000)
  to   space 1024K, 0% used [0x00000000d5880000,0x00000000d5880000,0x00000000d5980000)
 ParOldGen       total 419840K, used 268926K [0x0000000080000000, 0x0000000099a00000, 0x00000000d5580000)
  object space 419840K, 64% used [0x0000000080000000,0x000000009069f810,0x0000000099a00000)
 Metaspace       used 76894K, committed 78720K, reserved 1179648K
  class space    used 7711K, committed 8512K, reserved 1048576K
}
Event: 197.044 GC heap after
{Heap after GC invocations=711 (full 4):
 PSYoungGen      total 4096K, used 416K [0x00000000d5580000, 0x00000000d5a00000, 0x0000000100000000)
  eden space 3072K, 0% used [0x00000000d5580000,0x00000000d5580000,0x00000000d5880000)
  from space 1024K, 40% used [0x00000000d5880000,0x00000000d58e8000,0x00000000d5980000)
  to   space 512K, 0% used [0x00000000d5980000,0x00000000d5980000,0x00000000d5a00000)
 ParOldGen       total 419840K, used 269454K [0x0000000080000000, 0x0000000099a00000, 0x00000000d5580000)
  object space 419840K, 64% used [0x0000000080000000,0x0000000090723830,0x0000000099a00000)
 Metaspace       used 76894K, committed 78720K, reserved 1179648K
  class space    used 7711K, committed 8512K, reserved 1048576K
}
Event: 197.053 GC heap before
{Heap before GC invocations=712 (full 4):
 PSYoungGen      total 4096K, used 3488K [0x00000000d5580000, 0x00000000d5a00000, 0x0000000100000000)
  eden space 3072K, 100% used [0x00000000d5580000,0x00000000d5880000,0x00000000d5880000)
  from space 1024K, 40% used [0x00000000d5880000,0x00000000d58e8000,0x00000000d5980000)
  to   space 512K, 0% used [0x00000000d5980000,0x00000000d5980000,0x00000000d5a00000)
 ParOldGen       total 419840K, used 269454K [0x0000000080000000, 0x0000000099a00000, 0x00000000d5580000)
  object space 419840K, 64% used [0x0000000080000000,0x0000000090723830,0x0000000099a00000)
 Metaspace       used 76894K, committed 78720K, reserved 1179648K
  class space    used 7711K, committed 8512K, reserved 1048576K
}
Event: 197.054 GC heap after
{Heap after GC invocations=712 (full 4):
 PSYoungGen      total 3584K, used 496K [0x00000000d5580000, 0x00000000d5a80000, 0x0000000100000000)
  eden space 3072K, 0% used [0x00000000d5580000,0x00000000d5580000,0x00000000d5880000)
  from space 512K, 96% used [0x00000000d5980000,0x00000000d59fc030,0x00000000d5a00000)
  to   space 1024K, 0% used [0x00000000d5880000,0x00000000d5880000,0x00000000d5980000)
 ParOldGen       total 419840K, used 269742K [0x0000000080000000, 0x0000000099a00000, 0x00000000d5580000)
  object space 419840K, 64% used [0x0000000080000000,0x000000009076b830,0x0000000099a00000)
 Metaspace       used 76894K, committed 78720K, reserved 1179648K
  class space    used 7711K, committed 8512K, reserved 1048576K
}
Event: 197.063 GC heap before
{Heap before GC invocations=713 (full 4):
 PSYoungGen      total 3584K, used 3568K [0x00000000d5580000, 0x00000000d5a80000, 0x0000000100000000)
  eden space 3072K, 100% used [0x00000000d5580000,0x00000000d5880000,0x00000000d5880000)
  from space 512K, 96% used [0x00000000d5980000,0x00000000d59fc030,0x00000000d5a00000)
  to   space 1024K, 0% used [0x00000000d5880000,0x00000000d5880000,0x00000000d5980000)
 ParOldGen       total 419840K, used 269742K [0x0000000080000000, 0x0000000099a00000, 0x00000000d5580000)
  object space 419840K, 64% used [0x0000000080000000,0x000000009076b830,0x0000000099a00000)
 Metaspace       used 76894K, committed 78720K, reserved 1179648K
  class space    used 7711K, committed 8512K, reserved 1048576K
}
Event: 197.064 GC heap after
{Heap after GC invocations=713 (full 4):
 PSYoungGen      total 4096K, used 352K [0x00000000d5580000, 0x00000000d5a00000, 0x0000000100000000)
  eden space 3072K, 0% used [0x00000000d5580000,0x00000000d5580000,0x00000000d5880000)
  from space 1024K, 34% used [0x00000000d5880000,0x00000000d58d8020,0x00000000d5980000)
  to   space 512K, 0% used [0x00000000d5980000,0x00000000d5980000,0x00000000d5a00000)
 ParOldGen       total 419840K, used 270154K [0x0000000080000000, 0x0000000099a00000, 0x00000000d5580000)
  object space 419840K, 64% used [0x0000000080000000,0x00000000907d2850,0x0000000099a00000)
 Metaspace       used 76894K, committed 78720K, reserved 1179648K
  class space    used 7711K, committed 8512K, reserved 1048576K
}
Event: 197.079 GC heap before
{Heap before GC invocations=714 (full 4):
 PSYoungGen      total 4096K, used 3424K [0x00000000d5580000, 0x00000000d5a00000, 0x0000000100000000)
  eden space 3072K, 100% used [0x00000000d5580000,0x00000000d5880000,0x00000000d5880000)
  from space 1024K, 34% used [0x00000000d5880000,0x00000000d58d8020,0x00000000d5980000)
  to   space 512K, 0% used [0x00000000d5980000,0x00000000d5980000,0x00000000d5a00000)
 ParOldGen       total 419840K, used 270154K [0x0000000080000000, 0x0000000099a00000, 0x00000000d5580000)
  object space 419840K, 64% used [0x0000000080000000,0x00000000907d2850,0x0000000099a00000)
 Metaspace       used 76894K, committed 78720K, reserved 1179648K
  class space    used 7711K, committed 8512K, reserved 1048576K
}
Event: 197.081 GC heap after
{Heap after GC invocations=714 (full 4):
 PSYoungGen      total 3584K, used 480K [0x00000000d5580000, 0x00000000d5a00000, 0x0000000100000000)
  eden space 3072K, 0% used [0x00000000d5580000,0x00000000d5580000,0x00000000d5880000)
  from space 512K, 93% used [0x00000000d5980000,0x00000000d59f8000,0x00000000d5a00000)
  to   space 512K, 0% used [0x00000000d5900000,0x00000000d5900000,0x00000000d5980000)
 ParOldGen       total 419840K, used 270410K [0x0000000080000000, 0x0000000099a00000, 0x00000000d5580000)
  object space 419840K, 64% used [0x0000000080000000,0x0000000090812870,0x0000000099a00000)
 Metaspace       used 76894K, committed 78720K, reserved 1179648K
  class space    used 7711K, committed 8512K, reserved 1048576K
}
Event: 197.086 GC heap before
{Heap before GC invocations=715 (full 4):
 PSYoungGen      total 3584K, used 3552K [0x00000000d5580000, 0x00000000d5a00000, 0x0000000100000000)
  eden space 3072K, 100% used [0x00000000d5580000,0x00000000d5880000,0x00000000d5880000)
  from space 512K, 93% used [0x00000000d5980000,0x00000000d59f8000,0x00000000d5a00000)
  to   space 512K, 0% used [0x00000000d5900000,0x00000000d5900000,0x00000000d5980000)
 ParOldGen       total 419840K, used 270410K [0x0000000080000000, 0x0000000099a00000, 0x00000000d5580000)
  object space 419840K, 64% used [0x0000000080000000,0x0000000090812870,0x0000000099a00000)
 Metaspace       used 76894K, committed 78720K, reserved 1179648K
  class space    used 7711K, committed 8512K, reserved 1048576K
}
Event: 197.088 GC heap after
{Heap after GC invocations=715 (full 4):
 PSYoungGen      total 3584K, used 288K [0x00000000d5580000, 0x00000000d5a00000, 0x0000000100000000)
  eden space 3072K, 0% used [0x00000000d5580000,0x00000000d5580000,0x00000000d5880000)
  from space 512K, 56% used [0x00000000d5900000,0x00000000d5948000,0x00000000d5980000)
  to   space 512K, 0% used [0x00000000d5980000,0x00000000d5980000,0x00000000d5a00000)
 ParOldGen       total 419840K, used 270755K [0x0000000080000000, 0x0000000099a00000, 0x00000000d5580000)
  object space 419840K, 64% used [0x0000000080000000,0x0000000090868d28,0x0000000099a00000)
 Metaspace       used 76894K, committed 78720K, reserved 1179648K
  class space    used 7711K, committed 8512K, reserved 1048576K
}
Event: 197.099 GC heap before
{Heap before GC invocations=716 (full 4):
 PSYoungGen      total 3584K, used 3360K [0x00000000d5580000, 0x00000000d5a00000, 0x0000000100000000)
  eden space 3072K, 100% used [0x00000000d5580000,0x00000000d5880000,0x00000000d5880000)
  from space 512K, 56% used [0x00000000d5900000,0x00000000d5948000,0x00000000d5980000)
  to   space 512K, 0% used [0x00000000d5980000,0x00000000d5980000,0x00000000d5a00000)
 ParOldGen       total 419840K, used 270755K [0x0000000080000000, 0x0000000099a00000, 0x00000000d5580000)
  object space 419840K, 64% used [0x0000000080000000,0x0000000090868d28,0x0000000099a00000)
 Metaspace       used 76894K, committed 78720K, reserved 1179648K
  class space    used 7711K, committed 8512K, reserved 1048576K
}
Event: 197.100 GC heap after
{Heap after GC invocations=716 (full 4):
 PSYoungGen      total 3584K, used 400K [0x00000000d5580000, 0x00000000d5a00000, 0x0000000100000000)
  eden space 3072K, 0% used [0x00000000d5580000,0x00000000d5580000,0x00000000d5880000)
  from space 512K, 78% used [0x00000000d5980000,0x00000000d59e4010,0x00000000d5a00000)
  to   space 512K, 0% used [0x00000000d5900000,0x00000000d5900000,0x00000000d5980000)
 ParOldGen       total 419840K, used 271003K [0x0000000080000000, 0x0000000099a00000, 0x00000000d5580000)
  object space 419840K, 64% used [0x0000000080000000,0x00000000908a6d48,0x0000000099a00000)
 Metaspace       used 76894K, committed 78720K, reserved 1179648K
  class space    used 7711K, committed 8512K, reserved 1048576K
}
Event: 197.109 GC heap before
{Heap before GC invocations=717 (full 4):
 PSYoungGen      total 3584K, used 3472K [0x00000000d5580000, 0x00000000d5a00000, 0x0000000100000000)
  eden space 3072K, 100% used [0x00000000d5580000,0x00000000d5880000,0x00000000d5880000)
  from space 512K, 78% used [0x00000000d5980000,0x00000000d59e4010,0x00000000d5a00000)
  to   space 512K, 0% used [0x00000000d5900000,0x00000000d5900000,0x00000000d5980000)
 ParOldGen       total 419840K, used 271003K [0x0000000080000000, 0x0000000099a00000, 0x00000000d5580000)
  object space 419840K, 64% used [0x0000000080000000,0x00000000908a6d48,0x0000000099a00000)
 Metaspace       used 76894K, committed 78720K, reserved 1179648K
  class space    used 7711K, committed 8512K, reserved 1048576K
}
Event: 197.111 GC heap after
{Heap after GC invocations=717 (full 4):
 PSYoungGen      total 3584K, used 480K [0x00000000d5580000, 0x00000000d5a80000, 0x0000000100000000)
  eden space 3072K, 0% used [0x00000000d5580000,0x00000000d5580000,0x00000000d5880000)
  from space 512K, 93% used [0x00000000d5900000,0x00000000d5978020,0x00000000d5980000)
  to   space 1024K, 0% used [0x00000000d5980000,0x00000000d5980000,0x00000000d5a80000)
 ParOldGen       total 419840K, used 271275K [0x0000000080000000, 0x0000000099a00000, 0x00000000d5580000)
  object space 419840K, 64% used [0x0000000080000000,0x00000000908ead48,0x0000000099a00000)
 Metaspace       used 76894K, committed 78720K, reserved 1179648K
  class space    used 7711K, committed 8512K, reserved 1048576K
}
Event: 197.118 GC heap before
{Heap before GC invocations=718 (full 4):
 PSYoungGen      total 3584K, used 3552K [0x00000000d5580000, 0x00000000d5a80000, 0x0000000100000000)
  eden space 3072K, 100% used [0x00000000d5580000,0x00000000d5880000,0x00000000d5880000)
  from space 512K, 93% used [0x00000000d5900000,0x00000000d5978020,0x00000000d5980000)
  to   space 1024K, 0% used [0x00000000d5980000,0x00000000d5980000,0x00000000d5a80000)
 ParOldGen       total 419840K, used 271275K [0x0000000080000000, 0x0000000099a00000, 0x00000000d5580000)
  object space 419840K, 64% used [0x0000000080000000,0x00000000908ead48,0x0000000099a00000)
 Metaspace       used 76894K, committed 78720K, reserved 1179648K
  class space    used 7711K, committed 8512K, reserved 1048576K
}
Event: 197.119 GC heap after
{Heap after GC invocations=718 (full 4):
 PSYoungGen      total 4096K, used 416K [0x00000000d5580000, 0x00000000d5a80000, 0x0000000100000000)
  eden space 3072K, 0% used [0x00000000d5580000,0x00000000d5580000,0x00000000d5880000)
  from space 1024K, 40% used [0x00000000d5980000,0x00000000d59e8020,0x00000000d5a80000)
  to   space 1024K, 0% used [0x00000000d5880000,0x00000000d5880000,0x00000000d5980000)
 ParOldGen       total 419840K, used 271635K [0x0000000080000000, 0x0000000099a00000, 0x00000000d5580000)
  object space 419840K, 64% used [0x0000000080000000,0x0000000090944d68,0x0000000099a00000)
 Metaspace       used 76894K, committed 78720K, reserved 1179648K
  class space    used 7711K, committed 8512K, reserved 1048576K
}
Event: 197.126 GC heap before
{Heap before GC invocations=719 (full 4):
 PSYoungGen      total 4096K, used 3488K [0x00000000d5580000, 0x00000000d5a80000, 0x0000000100000000)
  eden space 3072K, 100% used [0x00000000d5580000,0x00000000d5880000,0x00000000d5880000)
  from space 1024K, 40% used [0x00000000d5980000,0x00000000d59e8020,0x00000000d5a80000)
  to   space 1024K, 0% used [0x00000000d5880000,0x00000000d5880000,0x00000000d5980000)
 ParOldGen       total 419840K, used 271635K [0x0000000080000000, 0x0000000099a00000, 0x00000000d5580000)
  object space 419840K, 64% used [0x0000000080000000,0x0000000090944d68,0x0000000099a00000)
 Metaspace       used 76894K, committed 78720K, reserved 1179648K
  class space    used 7711K, committed 8512K, reserved 1048576K
}
Event: 197.647 GC heap after
{Heap after GC invocations=719 (full 4):
 PSYoungGen      total 4096K, used 416K [0x00000000d5580000, 0x00000000d5a00000, 0x0000000100000000)
  eden space 3072K, 0% used [0x00000000d5580000,0x00000000d5580000,0x00000000d5880000)
  from space 1024K, 40% used [0x00000000d5880000,0x00000000d58e8020,0x00000000d5980000)
  to   space 512K, 0% used [0x00000000d5980000,0x00000000d5980000,0x00000000d5a00000)
 ParOldGen       total 419840K, used 271921K [0x0000000080000000, 0x0000000099a00000, 0x00000000d5580000)
  object space 419840K, 64% used [0x0000000080000000,0x000000009098c508,0x0000000099a00000)
 Metaspace       used 76894K, committed 78720K, reserved 1179648K
  class space    used 7711K, committed 8512K, reserved 1048576K
}

