# JRE version: Java(TM) SE Runtime Environment (17.0.14+8) (build 17.0.14+8-LTS-191)
# Java VM: Java HotSpot(TM) 64-Bit Server VM (17.0.14+8-LTS-191, mixed mode, sharing, tiered, compressed oops, compressed class ptrs, g1 gc, windows-amd64)
GC Precious Log:
 CPUs: 8 total, 8 available
 Memory: 16118M
 Large Page Support: Disabled
 NUMA Support: Disabled
 Compressed Oops: Enabled (Zero based)
 Heap Region Size: 2M
 Heap Min Capacity: 8M
 Heap Initial Capacity: 252M
 Heap Max Capacity: 4030M
 Pre-touch: Disabled
 Parallel Workers: 8
 Concurrent Workers: 2
 Concurrent Refinement Workers: 8
 Periodic GC: Disabled
Heap:
 garbage-first heap   total 362496K, used 124198K [0x0000000704200000, 0x0000000800000000)
  region size 2048K, 3 young (6144K), 2 survivors (4096K)
 Metaspace       used 35429K, committed 35840K, reserved 1114112K
  class space    used 4034K, committed 4224K, reserved 1048576K
GC Heap History (20 events):
Event: 20.865 GC heap after
{Heap after GC invocations=14 (full 0):
 garbage-first heap   total 212992K, used 62804K [0x0000000704200000, 0x0000000800000000)
  region size 2048K, 2 young (4096K), 2 survivors (4096K)
 Metaspace       used 26818K, committed 27136K, reserved 1114112K
  class space    used 3041K, committed 3200K, reserved 1048576K
}
Event: 24.727 GC heap before
{Heap before GC invocations=14 (full 0):
 garbage-first heap   total 212992K, used 148820K [0x0000000704200000, 0x0000000800000000)
  region size 2048K, 43 young (88064K), 2 survivors (4096K)
 Metaspace       used 29112K, committed 29376K, reserved 1114112K
  class space    used 3260K, committed 3392K, reserved 1048576K
}
Event: 24.753 GC heap after
{Heap after GC invocations=15 (full 0):
 garbage-first heap   total 212992K, used 70861K [0x0000000704200000, 0x0000000800000000)
  region size 2048K, 5 young (10240K), 5 survivors (10240K)
 Metaspace       used 29112K, committed 29376K, reserved 1114112K
  class space    used 3260K, committed 3392K, reserved 1048576K
}
Event: 27.413 GC heap before
{Heap before GC invocations=15 (full 0):
 garbage-first heap   total 212992K, used 152781K [0x0000000704200000, 0x0000000800000000)
  region size 2048K, 45 young (92160K), 5 survivors (10240K)
 Metaspace       used 29663K, committed 29952K, reserved 1114112K
  class space    used 3313K, committed 3456K, reserved 1048576K
}
Event: 27.443 GC heap after
{Heap after GC invocations=16 (full 0):
 garbage-first heap   total 212992K, used 73394K [0x0000000704200000, 0x0000000800000000)
  region size 2048K, 5 young (10240K), 5 survivors (10240K)
 Metaspace       used 29663K, committed 29952K, reserved 1114112K
  class space    used 3313K, committed 3456K, reserved 1048576K
}
Event: 29.556 GC heap before
{Heap before GC invocations=16 (full 0):
 garbage-first heap   total 212992K, used 157362K [0x0000000704200000, 0x0000000800000000)
  region size 2048K, 46 young (94208K), 5 survivors (10240K)
 Metaspace       used 29738K, committed 30080K, reserved 1114112K
  class space    used 3316K, committed 3456K, reserved 1048576K
}
Event: 29.595 GC heap after
{Heap after GC invocations=17 (full 0):
 garbage-first heap   total 212992K, used 78757K [0x0000000704200000, 0x0000000800000000)
  region size 2048K, 4 young (8192K), 4 survivors (8192K)
 Metaspace       used 29738K, committed 30080K, reserved 1114112K
  class space    used 3316K, committed 3456K, reserved 1048576K
}
Event: 31.051 GC heap before
{Heap before GC invocations=17 (full 0):
 garbage-first heap   total 212992K, used 162725K [0x0000000704200000, 0x0000000800000000)
  region size 2048K, 45 young (92160K), 4 survivors (8192K)
 Metaspace       used 29772K, committed 30080K, reserved 1114112K
  class space    used 3320K, committed 3456K, reserved 1048576K
}
Event: 31.081 GC heap after
{Heap after GC invocations=18 (full 0):
 garbage-first heap   total 212992K, used 82772K [0x0000000704200000, 0x0000000800000000)
  region size 2048K, 5 young (10240K), 5 survivors (10240K)
 Metaspace       used 29772K, committed 30080K, reserved 1114112K
  class space    used 3320K, committed 3456K, reserved 1048576K
}
Event: 33.266 GC heap before
{Heap before GC invocations=18 (full 0):
 garbage-first heap   total 212992K, used 166740K [0x0000000704200000, 0x0000000800000000)
  region size 2048K, 46 young (94208K), 5 survivors (10240K)
 Metaspace       used 29916K, committed 30272K, reserved 1114112K
  class space    used 3336K, committed 3520K, reserved 1048576K
}
Event: 33.299 GC heap after
{Heap after GC invocations=19 (full 0):
 garbage-first heap   total 256000K, used 88754K [0x0000000704200000, 0x0000000800000000)
  region size 2048K, 5 young (10240K), 5 survivors (10240K)
 Metaspace       used 29916K, committed 30272K, reserved 1114112K
  class space    used 3336K, committed 3520K, reserved 1048576K
}
Event: 34.358 GC heap before
{Heap before GC invocations=19 (full 0):
 garbage-first heap   total 256000K, used 203442K [0x0000000704200000, 0x0000000800000000)
  region size 2048K, 60 young (122880K), 5 survivors (10240K)
 Metaspace       used 29957K, committed 30336K, reserved 1114112K
  class space    used 3336K, committed 3520K, reserved 1048576K
}
Event: 34.405 GC heap after
{Heap after GC invocations=20 (full 0):
 garbage-first heap   total 256000K, used 95568K [0x0000000704200000, 0x0000000800000000)
  region size 2048K, 8 young (16384K), 8 survivors (16384K)
 Metaspace       used 29957K, committed 30336K, reserved 1114112K
  class space    used 3336K, committed 3520K, reserved 1048576K
}
Event: 35.383 GC heap before
{Heap before GC invocations=20 (full 0):
 garbage-first heap   total 256000K, used 202064K [0x0000000704200000, 0x0000000800000000)
  region size 2048K, 60 young (122880K), 8 survivors (16384K)
 Metaspace       used 30010K, committed 30336K, reserved 1114112K
  class space    used 3340K, committed 3520K, reserved 1048576K
}
Event: 35.432 GC heap after
{Heap after GC invocations=21 (full 0):
 garbage-first heap   total 256000K, used 101856K [0x0000000704200000, 0x0000000800000000)
  region size 2048K, 7 young (14336K), 7 survivors (14336K)
 Metaspace       used 30010K, committed 30336K, reserved 1114112K
  class space    used 3340K, committed 3520K, reserved 1048576K
}
Event: 36.315 GC heap before
{Heap before GC invocations=21 (full 0):
 garbage-first heap   total 256000K, used 210400K [0x0000000704200000, 0x0000000800000000)
  region size 2048K, 58 young (118784K), 7 survivors (14336K)
 Metaspace       used 30019K, committed 30336K, reserved 1114112K
  class space    used 3340K, committed 3520K, reserved 1048576K
}
Event: 36.373 GC heap after
{Heap after GC invocations=22 (full 0):
 garbage-first heap   total 256000K, used 112307K [0x0000000704200000, 0x0000000800000000)
  region size 2048K, 7 young (14336K), 7 survivors (14336K)
 Metaspace       used 30019K, committed 30336K, reserved 1114112K
  class space    used 3340K, committed 3520K, reserved 1048576K
}
Event: 36.827 GC heap before
{Heap before GC invocations=22 (full 0):
 garbage-first heap   total 256000K, used 208563K [0x0000000704200000, 0x0000000800000000)
  region size 2048K, 54 young (110592K), 7 survivors (14336K)
 Metaspace       used 30019K, committed 30336K, reserved 1114112K
  class space    used 3340K, committed 3520K, reserved 1048576K
}
Event: 36.863 GC heap after
{Heap after GC invocations=23 (full 0):
 garbage-first heap   total 362496K, used 111789K [0x0000000704200000, 0x0000000800000000)
  region size 2048K, 4 young (8192K), 4 survivors (8192K)
 Metaspace       used 30019K, committed 30336K, reserved 1114112K
  class space    used 3340K, committed 3520K, reserved 1048576K
}
Event: 48.648 GC heap before
{Heap before GC invocations=23 (full 0):
 garbage-first heap   total 362496K, used 289965K [0x0000000704200000, 0x0000000800000000)
  region size 2048K, 91 young (186368K), 4 survivors (8192K)
 Metaspace       used 35429K, committed 35840K, reserved 1114112K
  class space    used 4034K, committed 4224K, reserved 1048576K
}

