# JRE version: OpenJDK Runtime Environment Temurin-21.0.8+9 (21.0.8+9) (build 21.0.8+9-LTS)
# Java VM: OpenJDK 64-Bit Server VM Temurin-21.0.8+9 (21.0.8+9-LTS, mixed mode, sharing, tiered, compressed oops, compressed class ptrs, parallel gc, windows-amd64)
GC Precious Log:
 CardTable entry size: 512
 CPUs: 8 total, 8 available
 Memory: 16118M
 Large Page Support: Disabled
 NUMA Support: Disabled
 Compressed Oops: Enabled (32-bit)
 Alignments: Space 512K, Generation 512K, Heap 2M
 Heap Min Capacity: 100M
 Heap Initial Capacity: 100M
 Heap Max Capacity: 2G
 Pre-touch: Disabled
 Parallel Workers: 8
Heap:
 PSYoungGen      total 5120K, used 4118K [0x00000000d5580000, 0x00000000d5d00000, 0x0000000100000000)
  eden space 2560K, 72% used [0x00000000d5580000,0x00000000d574dbd0,0x00000000d5800000)
  from space 2560K, 88% used [0x00000000d5a80000,0x00000000d5cb8000,0x00000000d5d00000)
  to   space 2560K, 0% used [0x00000000d5800000,0x00000000d5800000,0x00000000d5a80000)
 ParOldGen       total 509952K, used 509901K [0x0000000080000000, 0x000000009f200000, 0x00000000d5580000)
  object space 509952K, 99% used [0x0000000080000000,0x000000009f1f3560,0x000000009f200000)
 Metaspace       used 88384K, committed 90176K, reserved 1179648K
  class space    used 8851K, committed 9792K, reserved 1048576K
GC Heap History (20 events):
Event: 20533.222 GC heap before
{Heap before GC invocations=3247 (full 7):
 PSYoungGen      total 4096K, used 3647K [0x00000000d5580000, 0x00000000d5b80000, 0x0000000100000000)
  eden space 2048K, 99% used [0x00000000d5580000,0x00000000d577fff8,0x00000000d5780000)
  from space 2048K, 78% used [0x00000000d5980000,0x00000000d5b10000,0x00000000d5b80000)
  to   space 2048K, 0% used [0x00000000d5780000,0x00000000d5780000,0x00000000d5980000)
 ParOldGen       total 491008K, used 490614K [0x0000000080000000, 0x000000009df80000, 0x00000000d5580000)
  object space 491008K, 99% used [0x0000000080000000,0x000000009df1dbd8,0x000000009df80000)
 Metaspace       used 88376K, committed 90176K, reserved 1179648K
  class space    used 8851K, committed 9792K, reserved 1048576K
}
Event: 20533.228 GC heap after
{Heap after GC invocations=3247 (full 7):
 PSYoungGen      total 4096K, used 1766K [0x00000000d5580000, 0x00000000d5c00000, 0x0000000100000000)
  eden space 2048K, 0% used [0x00000000d5580000,0x00000000d5580000,0x00000000d5780000)
  from space 2048K, 86% used [0x00000000d5780000,0x00000000d5939980,0x00000000d5980000)
  to   space 2048K, 0% used [0x00000000d5a00000,0x00000000d5a00000,0x00000000d5c00000)
 ParOldGen       total 492544K, used 492142K [0x0000000080000000, 0x000000009e100000, 0x00000000d5580000)
  object space 492544K, 99% used [0x0000000080000000,0x000000009e09bbd8,0x000000009e100000)
 Metaspace       used 88376K, committed 90176K, reserved 1179648K
  class space    used 8851K, committed 9792K, reserved 1048576K
}
Event: 20533.312 GC heap before
{Heap before GC invocations=3248 (full 7):
 PSYoungGen      total 4096K, used 3814K [0x00000000d5580000, 0x00000000d5c00000, 0x0000000100000000)
  eden space 2048K, 99% used [0x00000000d5580000,0x00000000d577ffd0,0x00000000d5780000)
  from space 2048K, 86% used [0x00000000d5780000,0x00000000d5939980,0x00000000d5980000)
  to   space 2048K, 0% used [0x00000000d5a00000,0x00000000d5a00000,0x00000000d5c00000)
 ParOldGen       total 492544K, used 492142K [0x0000000080000000, 0x000000009e100000, 0x00000000d5580000)
  object space 492544K, 99% used [0x0000000080000000,0x000000009e09bbd8,0x000000009e100000)
 Metaspace       used 88376K, committed 90176K, reserved 1179648K
  class space    used 8851K, committed 9792K, reserved 1048576K
}
Event: 20533.319 GC heap after
{Heap after GC invocations=3248 (full 7):
 PSYoungGen      total 3584K, used 800K [0x00000000d5580000, 0x00000000d5b00000, 0x0000000100000000)
  eden space 2560K, 0% used [0x00000000d5580000,0x00000000d5580000,0x00000000d5800000)
  from space 1024K, 78% used [0x00000000d5a00000,0x00000000d5ac8040,0x00000000d5b00000)
  to   space 1536K, 0% used [0x00000000d5800000,0x00000000d5800000,0x00000000d5980000)
 ParOldGen       total 494080K, used 494079K [0x0000000080000000, 0x000000009e280000, 0x00000000d5580000)
  object space 494080K, 99% used [0x0000000080000000,0x000000009e27fdd8,0x000000009e280000)
 Metaspace       used 88376K, committed 90176K, reserved 1179648K
  class space    used 8851K, committed 9792K, reserved 1048576K
}
Event: 20533.459 GC heap before
{Heap before GC invocations=3249 (full 7):
 PSYoungGen      total 3584K, used 3135K [0x00000000d5580000, 0x00000000d5b00000, 0x0000000100000000)
  eden space 2560K, 91% used [0x00000000d5580000,0x00000000d57c7f58,0x00000000d5800000)
  from space 1024K, 78% used [0x00000000d5a00000,0x00000000d5ac8040,0x00000000d5b00000)
  to   space 1536K, 0% used [0x00000000d5800000,0x00000000d5800000,0x00000000d5980000)
 ParOldGen       total 494080K, used 494079K [0x0000000080000000, 0x000000009e280000, 0x00000000d5580000)
  object space 494080K, 99% used [0x0000000080000000,0x000000009e27fdd8,0x000000009e280000)
 Metaspace       used 88378K, committed 90176K, reserved 1179648K
  class space    used 8851K, committed 9792K, reserved 1048576K
}
Event: 20533.472 GC heap after
{Heap after GC invocations=3249 (full 7):
 PSYoungGen      total 4096K, used 1512K [0x00000000d5580000, 0x00000000d5e00000, 0x0000000100000000)
  eden space 2560K, 0% used [0x00000000d5580000,0x00000000d5580000,0x00000000d5800000)
  from space 1536K, 98% used [0x00000000d5800000,0x00000000d597a200,0x00000000d5980000)
  to   space 3072K, 0% used [0x00000000d5b00000,0x00000000d5b00000,0x00000000d5e00000)
 ParOldGen       total 495616K, used 495245K [0x0000000080000000, 0x000000009e400000, 0x00000000d5580000)
  object space 495616K, 99% used [0x0000000080000000,0x000000009e3a3500,0x000000009e400000)
 Metaspace       used 88378K, committed 90176K, reserved 1179648K
  class space    used 8851K, committed 9792K, reserved 1048576K
}
Event: 20533.638 GC heap before
{Heap before GC invocations=3250 (full 7):
 PSYoungGen      total 4096K, used 4072K [0x00000000d5580000, 0x00000000d5e00000, 0x0000000100000000)
  eden space 2560K, 100% used [0x00000000d5580000,0x00000000d5800000,0x00000000d5800000)
  from space 1536K, 98% used [0x00000000d5800000,0x00000000d597a200,0x00000000d5980000)
  to   space 3072K, 0% used [0x00000000d5b00000,0x00000000d5b00000,0x00000000d5e00000)
 ParOldGen       total 495616K, used 495245K [0x0000000080000000, 0x000000009e400000, 0x00000000d5580000)
  object space 495616K, 99% used [0x0000000080000000,0x000000009e3a3500,0x000000009e400000)
 Metaspace       used 88378K, committed 90176K, reserved 1179648K
  class space    used 8851K, committed 9792K, reserved 1048576K
}
Event: 20533.647 GC heap after
{Heap after GC invocations=3250 (full 7):
 PSYoungGen      total 5632K, used 2673K [0x00000000d5580000, 0x00000000d5e00000, 0x0000000100000000)
  eden space 2560K, 0% used [0x00000000d5580000,0x00000000d5580000,0x00000000d5800000)
  from space 3072K, 87% used [0x00000000d5b00000,0x00000000d5d9c400,0x00000000d5e00000)
  to   space 3072K, 0% used [0x00000000d5800000,0x00000000d5800000,0x00000000d5b00000)
 ParOldGen       total 496128K, used 495741K [0x0000000080000000, 0x000000009e480000, 0x00000000d5580000)
  object space 496128K, 99% used [0x0000000080000000,0x000000009e41f500,0x000000009e480000)
 Metaspace       used 88378K, committed 90176K, reserved 1179648K
  class space    used 8851K, committed 9792K, reserved 1048576K
}
Event: 20533.941 GC heap before
{Heap before GC invocations=3251 (full 7):
 PSYoungGen      total 5632K, used 5233K [0x00000000d5580000, 0x00000000d5e00000, 0x0000000100000000)
  eden space 2560K, 100% used [0x00000000d5580000,0x00000000d5800000,0x00000000d5800000)
  from space 3072K, 87% used [0x00000000d5b00000,0x00000000d5d9c400,0x00000000d5e00000)
  to   space 3072K, 0% used [0x00000000d5800000,0x00000000d5800000,0x00000000d5b00000)
 ParOldGen       total 496128K, used 495741K [0x0000000080000000, 0x000000009e480000, 0x00000000d5580000)
  object space 496128K, 99% used [0x0000000080000000,0x000000009e41f500,0x000000009e480000)
 Metaspace       used 88378K, committed 90176K, reserved 1179648K
  class space    used 8851K, committed 9792K, reserved 1048576K
}
Event: 20533.951 GC heap after
{Heap after GC invocations=3251 (full 7):
 PSYoungGen      total 5632K, used 2711K [0x00000000d5580000, 0x00000000d5e00000, 0x0000000100000000)
  eden space 2560K, 0% used [0x00000000d5580000,0x00000000d5580000,0x00000000d5800000)
  from space 3072K, 88% used [0x00000000d5800000,0x00000000d5aa5c60,0x00000000d5b00000)
  to   space 3072K, 0% used [0x00000000d5b00000,0x00000000d5b00000,0x00000000d5e00000)
 ParOldGen       total 499200K, used 498334K [0x0000000080000000, 0x000000009e780000, 0x00000000d5580000)
  object space 499200K, 99% used [0x0000000080000000,0x000000009e6a7900,0x000000009e780000)
 Metaspace       used 88378K, committed 90176K, reserved 1179648K
  class space    used 8851K, committed 9792K, reserved 1048576K
}
Event: 20534.006 GC heap before
{Heap before GC invocations=3252 (full 7):
 PSYoungGen      total 5632K, used 5271K [0x00000000d5580000, 0x00000000d5e00000, 0x0000000100000000)
  eden space 2560K, 100% used [0x00000000d5580000,0x00000000d5800000,0x00000000d5800000)
  from space 3072K, 88% used [0x00000000d5800000,0x00000000d5aa5c60,0x00000000d5b00000)
  to   space 3072K, 0% used [0x00000000d5b00000,0x00000000d5b00000,0x00000000d5e00000)
 ParOldGen       total 499200K, used 498334K [0x0000000080000000, 0x000000009e780000, 0x00000000d5580000)
  object space 499200K, 99% used [0x0000000080000000,0x000000009e6a7900,0x000000009e780000)
 Metaspace       used 88378K, committed 90176K, reserved 1179648K
  class space    used 8851K, committed 9792K, reserved 1048576K
}
Event: 20534.016 GC heap after
{Heap after GC invocations=3252 (full 7):
 PSYoungGen      total 5632K, used 2656K [0x00000000d5580000, 0x00000000d5e00000, 0x0000000100000000)
  eden space 2560K, 0% used [0x00000000d5580000,0x00000000d5580000,0x00000000d5800000)
  from space 3072K, 86% used [0x00000000d5b00000,0x00000000d5d98000,0x00000000d5e00000)
  to   space 3072K, 0% used [0x00000000d5800000,0x00000000d5800000,0x00000000d5b00000)
 ParOldGen       total 501248K, used 500917K [0x0000000080000000, 0x000000009e980000, 0x00000000d5580000)
  object space 501248K, 99% used [0x0000000080000000,0x000000009e92d560,0x000000009e980000)
 Metaspace       used 88378K, committed 90176K, reserved 1179648K
  class space    used 8851K, committed 9792K, reserved 1048576K
}
Event: 20534.046 GC heap before
{Heap before GC invocations=3253 (full 7):
 PSYoungGen      total 5632K, used 5216K [0x00000000d5580000, 0x00000000d5e00000, 0x0000000100000000)
  eden space 2560K, 100% used [0x00000000d5580000,0x00000000d5800000,0x00000000d5800000)
  from space 3072K, 86% used [0x00000000d5b00000,0x00000000d5d98000,0x00000000d5e00000)
  to   space 3072K, 0% used [0x00000000d5800000,0x00000000d5800000,0x00000000d5b00000)
 ParOldGen       total 501248K, used 500917K [0x0000000080000000, 0x000000009e980000, 0x00000000d5580000)
  object space 501248K, 99% used [0x0000000080000000,0x000000009e92d560,0x000000009e980000)
 Metaspace       used 88378K, committed 90176K, reserved 1179648K
  class space    used 8851K, committed 9792K, reserved 1048576K
}
Event: 20534.056 GC heap after
{Heap after GC invocations=3253 (full 7):
 PSYoungGen      total 5632K, used 2688K [0x00000000d5580000, 0x00000000d5e00000, 0x0000000100000000)
  eden space 2560K, 0% used [0x00000000d5580000,0x00000000d5580000,0x00000000d5800000)
  from space 3072K, 87% used [0x00000000d5800000,0x00000000d5aa0000,0x00000000d5b00000)
  to   space 3072K, 0% used [0x00000000d5b00000,0x00000000d5b00000,0x00000000d5e00000)
 ParOldGen       total 503808K, used 503501K [0x0000000080000000, 0x000000009ec00000, 0x00000000d5580000)
  object space 503808K, 99% used [0x0000000080000000,0x000000009ebb3560,0x000000009ec00000)
 Metaspace       used 88378K, committed 90176K, reserved 1179648K
  class space    used 8851K, committed 9792K, reserved 1048576K
}
Event: 20534.091 GC heap before
{Heap before GC invocations=3254 (full 7):
 PSYoungGen      total 5632K, used 5248K [0x00000000d5580000, 0x00000000d5e00000, 0x0000000100000000)
  eden space 2560K, 100% used [0x00000000d5580000,0x00000000d5800000,0x00000000d5800000)
  from space 3072K, 87% used [0x00000000d5800000,0x00000000d5aa0000,0x00000000d5b00000)
  to   space 3072K, 0% used [0x00000000d5b00000,0x00000000d5b00000,0x00000000d5e00000)
 ParOldGen       total 503808K, used 503501K [0x0000000080000000, 0x000000009ec00000, 0x00000000d5580000)
  object space 503808K, 99% used [0x0000000080000000,0x000000009ebb3560,0x000000009ec00000)
 Metaspace       used 88378K, committed 90176K, reserved 1179648K
  class space    used 8851K, committed 9792K, reserved 1048576K
}
Event: 20534.104 GC heap after
{Heap after GC invocations=3254 (full 7):
 PSYoungGen      total 5632K, used 2656K [0x00000000d5580000, 0x00000000d5e00000, 0x0000000100000000)
  eden space 2560K, 0% used [0x00000000d5580000,0x00000000d5580000,0x00000000d5800000)
  from space 3072K, 86% used [0x00000000d5b00000,0x00000000d5d98000,0x00000000d5e00000)
  to   space 3072K, 0% used [0x00000000d5800000,0x00000000d5800000,0x00000000d5b00000)
 ParOldGen       total 506368K, used 506085K [0x0000000080000000, 0x000000009ee80000, 0x00000000d5580000)
  object space 506368K, 99% used [0x0000000080000000,0x000000009ee39560,0x000000009ee80000)
 Metaspace       used 88378K, committed 90176K, reserved 1179648K
  class space    used 8851K, committed 9792K, reserved 1048576K
}
Event: 20534.192 GC heap before
{Heap before GC invocations=3255 (full 7):
 PSYoungGen      total 5632K, used 5216K [0x00000000d5580000, 0x00000000d5e00000, 0x0000000100000000)
  eden space 2560K, 100% used [0x00000000d5580000,0x00000000d5800000,0x00000000d5800000)
  from space 3072K, 86% used [0x00000000d5b00000,0x00000000d5d98000,0x00000000d5e00000)
  to   space 3072K, 0% used [0x00000000d5800000,0x00000000d5800000,0x00000000d5b00000)
 ParOldGen       total 506368K, used 506085K [0x0000000080000000, 0x000000009ee80000, 0x00000000d5580000)
  object space 506368K, 99% used [0x0000000080000000,0x000000009ee39560,0x000000009ee80000)
 Metaspace       used 88378K, committed 90176K, reserved 1179648K
  class space    used 8851K, committed 9792K, reserved 1048576K
}
Event: 20534.204 GC heap after
{Heap after GC invocations=3255 (full 7):
 PSYoungGen      total 4608K, used 2048K [0x00000000d5580000, 0x00000000d5d00000, 0x0000000100000000)
  eden space 2560K, 0% used [0x00000000d5580000,0x00000000d5580000,0x00000000d5800000)
  from space 2048K, 100% used [0x00000000d5800000,0x00000000d5a00000,0x00000000d5a00000)
  to   space 2560K, 0% used [0x00000000d5a80000,0x00000000d5a80000,0x00000000d5d00000)
 ParOldGen       total 508928K, used 508669K [0x0000000080000000, 0x000000009f100000, 0x00000000d5580000)
  object space 508928K, 99% used [0x0000000080000000,0x000000009f0bf560,0x000000009f100000)
 Metaspace       used 88378K, committed 90176K, reserved 1179648K
  class space    used 8851K, committed 9792K, reserved 1048576K
}
Event: 20534.558 GC heap before
{Heap before GC invocations=3256 (full 7):
 PSYoungGen      total 4608K, used 4608K [0x00000000d5580000, 0x00000000d5d00000, 0x0000000100000000)
  eden space 2560K, 100% used [0x00000000d5580000,0x00000000d5800000,0x00000000d5800000)
  from space 2048K, 100% used [0x00000000d5800000,0x00000000d5a00000,0x00000000d5a00000)
  to   space 2560K, 0% used [0x00000000d5a80000,0x00000000d5a80000,0x00000000d5d00000)
 ParOldGen       total 508928K, used 508669K [0x0000000080000000, 0x000000009f100000, 0x00000000d5580000)
  object space 508928K, 99% used [0x0000000080000000,0x000000009f0bf560,0x000000009f100000)
 Metaspace       used 88378K, committed 90176K, reserved 1179648K
  class space    used 8851K, committed 9792K, reserved 1048576K
}
Event: 20534.569 GC heap after
{Heap after GC invocations=3256 (full 7):
 PSYoungGen      total 5120K, used 2272K [0x00000000d5580000, 0x00000000d5d00000, 0x0000000100000000)
  eden space 2560K, 0% used [0x00000000d5580000,0x00000000d5580000,0x00000000d5800000)
  from space 2560K, 88% used [0x00000000d5a80000,0x00000000d5cb8000,0x00000000d5d00000)
  to   space 2560K, 0% used [0x00000000d5800000,0x00000000d5800000,0x00000000d5a80000)
 ParOldGen       total 509952K, used 509901K [0x0000000080000000, 0x000000009f200000, 0x00000000d5580000)
  object space 509952K, 99% used [0x0000000080000000,0x000000009f1f3560,0x000000009f200000)
 Metaspace       used 88378K, committed 90176K, reserved 1179648K
  class space    used 8851K, committed 9792K, reserved 1048576K
}

